[debug] [2019-07-10T06:12:41.421Z] ----------------------------------------------------------------------
[debug] [2019-07-10T06:12:41.425Z] Command:       C:\Program Files\nodejs\node.exe C:\Users\DC\AppData\Roaming\npm\node_modules\firebase-tools\lib\bin\firebase.js deploy
[debug] [2019-07-10T06:12:41.425Z] CLI Version:   7.0.2
[debug] [2019-07-10T06:12:41.425Z] Platform:      win32
[debug] [2019-07-10T06:12:41.425Z] Node Version:  v12.4.0
[debug] [2019-07-10T06:12:41.427Z] Time:          Tue Jul 09 2019 23:12:41 GMT-0700 (Pacific Daylight Time)
[debug] [2019-07-10T06:12:41.427Z] ----------------------------------------------------------------------
[debug] 
[debug] [2019-07-10T06:12:41.452Z] > command requires scopes: ["email","openid","https://www.googleapis.com/auth/cloudplatformprojects.readonly","https://www.googleapis.com/auth/firebase","https://www.googleapis.com/auth/cloud-platform"]
[debug] [2019-07-10T06:12:41.454Z] > authorizing via signed-in user
[debug] [2019-07-10T06:12:41.454Z] [iam] checking project scsc-conference-demo-website for permissions ["firebase.projects.get","firebasehosting.sites.update"]
[debug] [2019-07-10T06:12:41.457Z] > refreshing access token with scopes: ["email","https://www.googleapis.com/auth/cloud-platform","https://www.googleapis.com/auth/cloudplatformprojects.readonly","https://www.googleapis.com/auth/firebase","openid"]
[debug] [2019-07-10T06:12:41.458Z] >>> HTTP REQUEST POST https://www.googleapis.com/oauth2/v3/token  
 <request body omitted>
[debug] [2019-07-10T06:12:41.837Z] <<< HTTP RESPONSE 200
[debug] [2019-07-10T06:12:41.862Z] >>> HTTP REQUEST POST https://cloudresourcemanager.googleapis.com/v1/projects/scsc-conference-demo-website:testIamPermissions  

[debug] [2019-07-10T06:12:43.816Z] <<< HTTP RESPONSE 200
[debug] [2019-07-10T06:12:43.822Z] >>> HTTP REQUEST GET https://firebase.googleapis.com/v1beta1/projects/scsc-conference-demo-website  
 
[debug] [2019-07-10T06:12:44.532Z] <<< HTTP RESPONSE 200
[info] 
[info] === Deploying to 'scsc-conference-demo-website'...
[info] 
[info] i  deploying hosting
[debug] [2019-07-10T06:12:44.549Z] >>> HTTP REQUEST POST https://firebasehosting.googleapis.com/v1beta1/sites/scsc-conference-demo-website/versions  

[debug] [2019-07-10T06:12:47.246Z] <<< HTTP RESPONSE 200
[info] i  hosting[scsc-conference-demo-website]: beginning deploy...
[info] i  hosting[scsc-conference-demo-website]: found 111 files in Dept. of Biology
[debug] [2019-07-10T06:12:47.381Z] [hosting] hash cache [RGVwdC4gb2YgQmlvbG9neQ] load error: lines is not defined
[debug] [2019-07-10T06:12:50.472Z] [hosting] hash cache [RGVwdC4gb2YgQmlvbG9neQ] stored for 111 files
[debug] [2019-07-10T06:12:50.473Z] [hosting][hash queue][FINAL]
[debug] [2019-07-10T06:12:50.474Z] >>> HTTP REQUEST POST https://firebasehosting.googleapis.com/v1beta1/sites/scsc-conference-demo-website/versions/afa1065f66d07745:populateFiles  
 <request body omitted>
